<?xml version="1.0" encoding="UTF-8"?>
<!-- Generated by org.testng.reporters.JUnitReportReporter -->
<testsuite hostname="DESKTOP-PEVVTSQ" name="com.sai.testcases.Registration_DDF" tests="1" failures="0" timestamp="23 Mar 2022 10:30:20 GMT" time="82.801" errors="0">
  <testcase name="getRegdata" time="82.801" classname="com.sai.testcases.Registration_DDF"/>
</testsuite> <!-- com.sai.testcases.Registration_DDF -->
