<?xml version="1.0" encoding="UTF-8"?>
<!-- Generated by org.testng.reporters.JUnitReportReporter -->
<testsuite hostname="DESKTOP-PEVVTSQ" name="com.sai.testcases.Logintest" tests="1" failures="0" timestamp="12 Mar 2022 08:08:25 GMT" time="27.666" errors="0">
  <testcase name="Login" time="27.666" classname="com.sai.testcases.Logintest"/>
</testsuite> <!-- com.sai.testcases.Logintest -->
