<?xml version="1.0" encoding="UTF-8"?>
<!-- Generated by org.testng.reporters.JUnitReportReporter -->
<testsuite hostname="DESKTOP-PEVVTSQ" name="com.sai.testcases.Login_DDT" tests="1" failures="0" timestamp="14 Mar 2022 13:00:12 GMT" time="3.654" errors="0">
  <testcase name="LoginDDTest" time="3.654" classname="com.sai.testcases.Login_DDT"/>
</testsuite> <!-- com.sai.testcases.Login_DDT -->
