<?xml version="1.0" encoding="UTF-8"?>
<!-- Generated by org.testng.reporters.JUnitReportReporter -->
<testsuite hostname="DESKTOP-PEVVTSQ" name="com.sai.testcases.AddCustTestcase" tests="1" failures="0" timestamp="14 Mar 2022 04:50:54 GMT" time="67769.391" errors="0">
  <testcase name="AddCust" time="67769.391" classname="com.sai.testcases.AddCustTestcase"/>
</testsuite> <!-- com.sai.testcases.AddCustTestcase -->
