<?xml version="1.0" encoding="UTF-8"?>
<!-- Generated by org.testng.reporters.JUnitReportReporter -->
<testsuite hostname="DESKTOP-PEVVTSQ" failures="0" tests="1" name="com.sai.testcases.Logintest" time="20.650" errors="0" timestamp="07 Apr 2022 10:37:24 GMT" skipped="0">
  <testcase classname="com.sai.testcases.Logintest" name="Login" time="20.650"/>
</testsuite> <!-- com.sai.testcases.Logintest -->
