<?xml version="1.0" encoding="UTF-8"?>
<!-- Generated by org.testng.reporters.JUnitReportReporter -->
<testsuite skipped="0" hostname="DESKTOP-PEVVTSQ" name="com.sai.testcases.Login_DDT" tests="1" failures="0" timestamp="15 Mar 2022 05:29:16 GMT" time="6.216" errors="0">
  <testcase name="LoginDDTest" time="6.216" classname="com.sai.testcases.Login_DDT"/>
</testsuite> <!-- com.sai.testcases.Login_DDT -->
